Running with 16 CPUs
Rank of the processor 00 on n003 

Begin the calculation of phi-GPU4 program on 001 processors

N       = 005120 	 eps      = 1.000000E-04 
t_beg   = 0.000000E+00 	 t_end    = 5.000000E+01 
dt_disk = 2.500000E+00 	 dt_contr = 5.000000E-01 
eta     = 1.500000E-01 	 eta_BH   = 1.500000E-01 

Initialized, 67.664336 Gflops
0.0000E+00   0.000E+00 0.000E+00   -5.054052E-01  2.501556E-01 -2.552496E-01 -0.000000E+00   3.591650E-01 
5.0000E-01   4.813E+03 5.738E+05   -5.076908E-01  2.524410E-01 -2.552497E-01  5.068356E-07   4.328624E+01 
1.0000E+00   9.951E+03 1.158E+06   -5.098697E-01  2.546200E-01 -2.552497E-01 -1.288909E-08   8.750835E+01 
1.5000E+00   1.565E+04 1.743E+06   -5.130711E-01  2.578214E-01 -2.552497E-01 -2.122573E-08   1.323724E+02 
2.0000E+00   2.104E+04 2.338E+06   -5.156155E-01  2.603658E-01 -2.552497E-01 -2.571351E-08   1.775604E+02 
2.5000E+00   2.710E+04 2.931E+06   -5.165532E-01  2.613035E-01 -2.552497E-01 -2.962438E-08   2.232767E+02 
3.0000E+00   3.249E+04 3.531E+06   -5.170794E-01  2.618297E-01 -2.552497E-01 -9.669453E-09   2.690327E+02 
3.5000E+00   3.769E+04 4.125E+06   -5.158476E-01  2.605979E-01 -2.552497E-01  3.063152E-09   3.140422E+02 
4.0000E+00   4.352E+04 4.711E+06   -5.130208E-01  2.577712E-01 -2.552497E-01 -1.611680E-08   3.589989E+02 
4.5000E+00   4.855E+04 5.300E+06   -5.098167E-01  2.545670E-01 -2.552497E-01 -1.718254E-08   4.034745E+02 
5.0000E+00   5.362E+04 5.872E+06   -5.070284E-01  2.517787E-01 -2.552497E-01 -2.930282E-08   4.468704E+02 
5.5000E+00   5.875E+04 6.441E+06   -5.078139E-01  2.525642E-01 -2.552497E-01 -1.272639E-08   4.902914E+02 
6.0000E+00   6.378E+04 7.010E+06   -5.081266E-01  2.528770E-01 -2.552497E-01 -1.826635E-08   5.334016E+02 
6.5000E+00   6.896E+04 7.585E+06   -5.084636E-01  2.532139E-01 -2.552497E-01 -3.638310E-08   5.770189E+02 
7.0000E+00   7.415E+04 8.158E+06   -5.093232E-01  2.540736E-01 -2.552497E-01 -4.106265E-08   6.205857E+02 
7.5000E+00   7.873E+04 8.735E+06   -5.093359E-01  2.540862E-01 -2.552496E-01 -4.900052E-08   6.638641E+02 
8.0000E+00   8.400E+04 9.317E+06   -5.101170E-01  2.548673E-01 -2.552496E-01 -1.950571E-08   7.082880E+02 
8.5000E+00   8.877E+04 9.893E+06   -5.111907E-01  2.559410E-01 -2.552496E-01 -1.725086E-08   7.515362E+02 
9.0000E+00   9.421E+04 1.049E+07   -5.136695E-01  2.584199E-01 -2.552496E-01  7.145984E-09   7.967009E+02 
9.5000E+00   9.924E+04 1.107E+07   -5.147443E-01  2.594947E-01 -2.552496E-01 -3.836151E-08   8.408434E+02 
1.0000E+01   1.038E+05 1.166E+07   -5.140847E-01  2.588351E-01 -2.552496E-01 -2.941316E-08   8.847065E+02 
1.0500E+01   1.094E+05 1.226E+07   -5.133082E-01  2.580586E-01 -2.552496E-01 -2.208819E-08   9.307934E+02 
1.1000E+01   1.150E+05 1.284E+07   -5.114169E-01  2.561673E-01 -2.552496E-01 -9.709362E-09   9.752546E+02 
1.1500E+01   1.199E+05 1.341E+07   -5.114936E-01  2.562439E-01 -2.552496E-01 -1.309587E-08   1.018340E+03 
1.2000E+01   1.255E+05 1.400E+07   -5.130651E-01  2.578155E-01 -2.552496E-01 -2.233725E-08   1.062946E+03 
1.2500E+01   1.307E+05 1.458E+07   -5.127013E-01  2.574517E-01 -2.552496E-01  2.564168E-09   1.107545E+03 
1.3000E+01   1.358E+05 1.517E+07   -5.146221E-01  2.593725E-01 -2.552496E-01 -1.547387E-08   1.152314E+03 
1.3500E+01   1.410E+05 1.576E+07   -5.134551E-01  2.582055E-01 -2.552496E-01 -2.139017E-08   1.196726E+03 
1.4000E+01   1.457E+05 1.634E+07   -5.115288E-01  2.562792E-01 -2.552496E-01 -1.667193E-08   1.240552E+03 
1.4500E+01   1.500E+05 1.692E+07   -5.103531E-01  2.551035E-01 -2.552496E-01 -3.805548E-08   1.283862E+03 
1.5000E+01   1.563E+05 1.751E+07   -5.090954E-01  2.538458E-01 -2.552496E-01 -1.340875E-09   1.329456E+03 
1.5500E+01   1.619E+05 1.809E+07   -5.092233E-01  2.539737E-01 -2.552496E-01  1.176973E-09   1.373708E+03 
1.6000E+01   1.673E+05 1.867E+07   -5.118905E-01  2.566410E-01 -2.552496E-01 -1.812507E-08   1.418009E+03 
1.6500E+01   1.724E+05 1.926E+07   -5.127056E-01  2.574561E-01 -2.552496E-01 -6.854976E-09   1.462628E+03 
1.7000E+01   1.768E+05 1.985E+07   -5.094580E-01  2.542085E-01 -2.552496E-01 -4.223129E-08   1.506350E+03 
1.7500E+01   1.817E+05 2.043E+07   -5.052818E-01  2.500322E-01 -2.552496E-01 -2.447073E-08   1.550011E+03 
1.8000E+01   1.870E+05 2.101E+07   -5.039263E-01  2.486767E-01 -2.552495E-01 -4.013624E-08   1.594023E+03 
1.8500E+01   1.920E+05 2.158E+07   -5.041893E-01  2.489398E-01 -2.552495E-01  1.697758E-08   1.637185E+03 
1.9000E+01   1.966E+05 2.215E+07   -5.040566E-01  2.488071E-01 -2.552495E-01 -1.157235E-08   1.680027E+03 
1.9500E+01   2.022E+05 2.273E+07   -5.043524E-01  2.491028E-01 -2.552495E-01 -1.998630E-08   1.724414E+03 
2.0000E+01   2.076E+05 2.330E+07   -5.069234E-01  2.516739E-01 -2.552495E-01 -2.638435E-08   1.767920E+03 
2.0500E+01   2.131E+05 2.388E+07   -5.115627E-01  2.563132E-01 -2.552495E-01 -2.840018E-08   1.812673E+03 
2.1000E+01   2.185E+05 2.447E+07   -5.138002E-01  2.585507E-01 -2.552495E-01 -1.944475E-08   1.857725E+03 
2.1500E+01   2.243E+05 2.507E+07   -5.142265E-01  2.589770E-01 -2.552495E-01 -2.807687E-08   1.903146E+03 
2.2000E+01   2.301E+05 2.566E+07   -5.128877E-01  2.576382E-01 -2.552495E-01 -2.352355E-08   1.948736E+03 
2.2500E+01   2.354E+05 2.625E+07   -5.121412E-01  2.568917E-01 -2.552495E-01 -1.484457E-08   1.993493E+03 
2.3000E+01   2.406E+05 2.683E+07   -5.108226E-01  2.555731E-01 -2.552495E-01 -2.516457E-08   2.037691E+03 
2.3500E+01   2.461E+05 2.741E+07   -5.089038E-01  2.536543E-01 -2.552495E-01  6.797281E-09   2.081987E+03 
2.4000E+01   2.510E+05 2.799E+07   -5.097372E-01  2.544877E-01 -2.552495E-01 -1.504165E-08   2.125918E+03 
2.4500E+01   2.563E+05 2.858E+07   -5.144732E-01  2.592237E-01 -2.552495E-01 -4.779023E-08   2.170406E+03 
2.5000E+01   2.612E+05 2.918E+07   -5.173268E-01  2.620774E-01 -2.552495E-01 -1.883038E-08   2.215136E+03 
2.5500E+01   2.663E+05 2.977E+07   -5.158414E-01  2.605919E-01 -2.552495E-01 -1.701318E-08   2.259996E+03 
2.6000E+01   2.719E+05 3.037E+07   -5.160983E-01  2.608488E-01 -2.552495E-01 -1.768225E-09   2.305604E+03 
2.6500E+01   2.773E+05 3.096E+07   -5.148908E-01  2.596413E-01 -2.552495E-01 -2.601449E-08   2.350792E+03 
2.7000E+01   2.825E+05 3.155E+07   -5.126685E-01  2.574190E-01 -2.552495E-01 -1.021057E-08   2.395459E+03 
2.7500E+01   2.876E+05 3.214E+07   -5.107395E-01  2.554900E-01 -2.552495E-01  6.938793E-09   2.440118E+03 
2.8000E+01   2.929E+05 3.273E+07   -5.083014E-01  2.530519E-01 -2.552495E-01 -2.843018E-08   2.484584E+03 
2.8500E+01   2.984E+05 3.330E+07   -5.053351E-01  2.500856E-01 -2.552495E-01 -1.021139E-08   2.528708E+03 
2.9000E+01   3.039E+05 3.388E+07   -5.047121E-01  2.494627E-01 -2.552494E-01 -3.700895E-08   2.572732E+03 
2.9500E+01   3.095E+05 3.445E+07   -5.049695E-01  2.497201E-01 -2.552494E-01 -4.953960E-08   2.616776E+03 
3.0000E+01   3.153E+05 3.503E+07   -5.046793E-01  2.494298E-01 -2.552494E-01 -7.817105E-09   2.661352E+03 
3.0500E+01   3.202E+05 3.561E+07   -5.063725E-01  2.511231E-01 -2.552494E-01 -2.911863E-08   2.704714E+03 
3.1000E+01   3.255E+05 3.618E+07   -5.097554E-01  2.545060E-01 -2.552494E-01 -1.604024E-08   2.748406E+03 
3.1500E+01   3.312E+05 3.677E+07   -5.126783E-01  2.574289E-01 -2.552494E-01 -4.485324E-08   2.793532E+03 
3.2000E+01   3.364E+05 3.737E+07   -5.132763E-01  2.580269E-01 -2.552494E-01  8.815291E-10   2.838591E+03 
3.2500E+01   3.412E+05 3.795E+07   -5.112078E-01  2.559584E-01 -2.552494E-01 -4.544885E-08   2.882351E+03 
3.3000E+01   3.464E+05 3.853E+07   -5.117803E-01  2.565309E-01 -2.552494E-01 -2.837876E-08   2.926782E+03 
3.3500E+01   3.519E+05 3.912E+07   -5.102531E-01  2.550037E-01 -2.552494E-01 -1.359198E-08   2.971688E+03 
3.4000E+01   3.573E+05 3.970E+07   -5.083079E-01  2.530585E-01 -2.552494E-01 -4.910486E-08   3.015717E+03 
3.4500E+01   3.621E+05 4.028E+07   -5.086408E-01  2.533914E-01 -2.552494E-01 -4.855564E-10   3.059327E+03 
3.5000E+01   3.676E+05 4.086E+07   -5.106118E-01  2.553625E-01 -2.552494E-01 -4.601682E-08   3.103895E+03 
3.5500E+01   3.727E+05 4.144E+07   -5.141194E-01  2.588700E-01 -2.552494E-01 -4.302369E-08   3.148049E+03 
3.6000E+01   3.777E+05 4.204E+07   -5.153683E-01  2.601189E-01 -2.552494E-01 -8.968166E-09   3.192820E+03 
3.6500E+01   3.836E+05 4.264E+07   -5.153609E-01  2.601115E-01 -2.552493E-01 -1.842254E-08   3.238669E+03 
3.7000E+01   3.890E+05 4.323E+07   -5.138187E-01  2.585693E-01 -2.552493E-01 -2.154248E-08   3.283667E+03 
3.7500E+01   3.943E+05 4.383E+07   -5.125956E-01  2.573463E-01 -2.552493E-01 -1.216974E-08   3.329195E+03 
3.8000E+01   3.997E+05 4.442E+07   -5.107906E-01  2.555413E-01 -2.552493E-01 -2.822491E-08   3.373965E+03 
3.8500E+01   4.047E+05 4.501E+07   -5.084499E-01  2.532005E-01 -2.552493E-01 -8.625761E-09   3.418601E+03 
3.9000E+01   4.095E+05 4.558E+07   -5.056389E-01  2.503896E-01 -2.552493E-01 -4.677352E-08   3.461527E+03 
3.9500E+01   4.148E+05 4.615E+07   -5.039328E-01  2.486835E-01 -2.552493E-01 -3.706067E-08   3.504866E+03 
4.0000E+01   4.196E+05 4.672E+07   -5.052796E-01  2.500303E-01 -2.552493E-01  4.693273E-09   3.547806E+03 
4.0500E+01   4.246E+05 4.729E+07   -5.070113E-01  2.517620E-01 -2.552493E-01 -5.017824E-09   3.591521E+03 
4.1000E+01   4.301E+05 4.787E+07   -5.076970E-01  2.524477E-01 -2.552493E-01 -1.731610E-08   3.635968E+03 
4.1500E+01   4.350E+05 4.845E+07   -5.084605E-01  2.532112E-01 -2.552493E-01 -1.522028E-08   3.679288E+03 
4.2000E+01   4.401E+05 4.902E+07   -5.104463E-01  2.551970E-01 -2.552493E-01 -2.211077E-08   3.722958E+03 
4.2500E+01   4.457E+05 4.961E+07   -5.156672E-01  2.604179E-01 -2.552493E-01 -1.339658E-08   3.768008E+03 
4.3000E+01   4.507E+05 5.023E+07   -5.194245E-01  2.641752E-01 -2.552493E-01 -1.388758E-08   3.814316E+03 
4.3500E+01   4.563E+05 5.084E+07   -5.164361E-01  2.611868E-01 -2.552493E-01 -2.911353E-08   3.860575E+03 
4.4000E+01   4.618E+05 5.143E+07   -5.128979E-01  2.576486E-01 -2.552493E-01 -1.435462E-09   3.906141E+03 
4.4500E+01   4.668E+05 5.202E+07   -5.101950E-01  2.549457E-01 -2.552493E-01 -1.087728E-08   3.950502E+03 
4.5000E+01   4.714E+05 5.260E+07   -5.084535E-01  2.532042E-01 -2.552493E-01 -3.858519E-08   3.993890E+03 
4.5500E+01   4.766E+05 5.317E+07   -5.062767E-01  2.510274E-01 -2.552493E-01 -3.223441E-08   4.037641E+03 
4.6000E+01   4.818E+05 5.375E+07   -5.065592E-01  2.513100E-01 -2.552492E-01 -3.017501E-08   4.081523E+03 
4.6500E+01   4.871E+05 5.434E+07   -5.071278E-01  2.518786E-01 -2.552492E-01 -3.588638E-08   4.125826E+03 
4.7000E+01   4.916E+05 5.490E+07   -5.069278E-01  2.516786E-01 -2.552492E-01 -1.998941E-08   4.168495E+03 
4.7500E+01   4.963E+05 5.548E+07   -5.075939E-01  2.523447E-01 -2.552492E-01 -1.337428E-08   4.211790E+03 
4.8000E+01   5.017E+05 5.606E+07   -5.105815E-01  2.553323E-01 -2.552492E-01 -1.390877E-08   4.256492E+03 
4.8500E+01   5.072E+05 5.666E+07   -5.145351E-01  2.592859E-01 -2.552492E-01 -1.724866E-08   4.301619E+03 
4.9000E+01   5.126E+05 5.726E+07   -5.158597E-01  2.606104E-01 -2.552492E-01 -2.218569E-08   4.347395E+03 
4.9500E+01   5.180E+05 5.785E+07   -5.141719E-01  2.589227E-01 -2.552492E-01 -1.367172E-08   4.392516E+03 
5.0000E+01   5.230E+05 5.845E+07   -5.106160E-01  2.553668E-01 -2.552492E-01 -2.538456E-08   4.437278E+03 

Timesteps = 522983   Total sum of integrated part. = 58450112   n_act average = 112

Real Speed = 64.532 GFlops 
        sec_tot     usec/step   ratio
scan :  2.0666E+00  3.9516E+00  7.4468E-03
pred :  6.3065E+00  1.2059E+01  2.2725E-02
jsend:  2.0663E-02  3.9510E-02  7.4456E-05
isend:  0.0000E+00  0.0000E+00  0.0000E+00
force:  2.6643E+02  5.0945E+02  9.6006E-01
recv :  0.0000E+00  0.0000E+00  0.0000E+00
comm :  4.2284E-01  8.0852E-01  1.5237E-03
corr :  2.2666E+00  4.3340E+00  8.1675E-03
tot  :  2.7752E+02  5.3064E+02  1.0000E+00
