Running with 4 CPUs
Rank of the processor 00 on n003 

Begin the calculation of phi-GPU4 program on 001 processors

N       = 005120 	 eps      = 1.000000E-04 
t_beg   = 0.000000E+00 	 t_end    = 5.000000E+01 
dt_disk = 2.500000E+00 	 dt_contr = 5.000000E-01 
eta     = 1.500000E-01 	 eta_BH   = 1.500000E-01 

Initialized, 19.947297 Gflops
0.0000E+00   0.000E+00 0.000E+00   -5.054052E-01  2.501556E-01 -2.552496E-01 -0.000000E+00   3.138330E-01 
5.0000E-01   4.813E+03 5.738E+05   -5.076908E-01  2.524410E-01 -2.552497E-01  5.068356E-07   3.516618E+01 
1.0000E+00   9.951E+03 1.158E+06   -5.098697E-01  2.546200E-01 -2.552497E-01 -1.288909E-08   7.101250E+01 
1.5000E+00   1.565E+04 1.743E+06   -5.130711E-01  2.578214E-01 -2.552497E-01 -2.122573E-08   1.069763E+02 
2.0000E+00   2.104E+04 2.338E+06   -5.156155E-01  2.603658E-01 -2.552497E-01 -2.571351E-08   1.434900E+02 
2.5000E+00   2.710E+04 2.931E+06   -5.165532E-01  2.613035E-01 -2.552497E-01 -2.962438E-08   1.800146E+02 
3.0000E+00   3.249E+04 3.531E+06   -5.170794E-01  2.618297E-01 -2.552497E-01 -9.669453E-09   2.168608E+02 
3.5000E+00   3.769E+04 4.125E+06   -5.158476E-01  2.605979E-01 -2.552497E-01  3.063152E-09   2.533342E+02 
4.0000E+00   4.352E+04 4.711E+06   -5.130208E-01  2.577712E-01 -2.552497E-01 -1.611680E-08   2.893720E+02 
4.5000E+00   4.855E+04 5.300E+06   -5.098167E-01  2.545670E-01 -2.552497E-01 -1.718254E-08   3.254829E+02 
5.0000E+00   5.362E+04 5.872E+06   -5.070284E-01  2.517787E-01 -2.552497E-01 -2.930282E-08   3.605761E+02 
5.5000E+00   5.875E+04 6.441E+06   -5.078139E-01  2.525642E-01 -2.552497E-01 -1.272639E-08   3.955650E+02 
6.0000E+00   6.378E+04 7.010E+06   -5.081266E-01  2.528770E-01 -2.552497E-01 -1.826635E-08   4.304506E+02 
6.5000E+00   6.896E+04 7.585E+06   -5.084636E-01  2.532139E-01 -2.552497E-01 -3.638310E-08   4.657225E+02 
7.0000E+00   7.415E+04 8.158E+06   -5.093232E-01  2.540736E-01 -2.552497E-01 -4.106265E-08   5.009425E+02 
7.5000E+00   7.873E+04 8.735E+06   -5.093359E-01  2.540862E-01 -2.552496E-01 -4.900052E-08   5.362575E+02 
8.0000E+00   8.400E+04 9.317E+06   -5.101170E-01  2.548673E-01 -2.552496E-01 -1.950571E-08   5.720264E+02 
8.5000E+00   8.877E+04 9.893E+06   -5.111907E-01  2.559410E-01 -2.552496E-01 -1.725086E-08   6.073068E+02 
9.0000E+00   9.421E+04 1.049E+07   -5.136695E-01  2.584199E-01 -2.552496E-01  7.145984E-09   6.437963E+02 
9.5000E+00   9.924E+04 1.107E+07   -5.147443E-01  2.594947E-01 -2.552496E-01 -3.836151E-08   6.796588E+02 
1.0000E+01   1.038E+05 1.166E+07   -5.140847E-01  2.588351E-01 -2.552496E-01 -2.941316E-08   7.155379E+02 
1.0500E+01   1.094E+05 1.226E+07   -5.133082E-01  2.580586E-01 -2.552496E-01 -2.208819E-08   7.525918E+02 
1.1000E+01   1.150E+05 1.284E+07   -5.114169E-01  2.561673E-01 -2.552496E-01 -9.709362E-09   7.883138E+02 
1.1500E+01   1.199E+05 1.341E+07   -5.114936E-01  2.562439E-01 -2.552496E-01 -1.309587E-08   8.232839E+02 
1.2000E+01   1.255E+05 1.400E+07   -5.130651E-01  2.578155E-01 -2.552496E-01 -2.233725E-08   8.592019E+02 
1.2500E+01   1.307E+05 1.458E+07   -5.127013E-01  2.574517E-01 -2.552496E-01  2.564168E-09   8.953112E+02 
1.3000E+01   1.358E+05 1.517E+07   -5.146221E-01  2.593725E-01 -2.552496E-01 -1.547387E-08   9.315267E+02 
1.3500E+01   1.410E+05 1.576E+07   -5.134551E-01  2.582055E-01 -2.552496E-01 -2.139017E-08   9.674501E+02 
1.4000E+01   1.457E+05 1.634E+07   -5.115288E-01  2.562792E-01 -2.552496E-01 -1.667193E-08   1.003220E+03 
1.4500E+01   1.500E+05 1.692E+07   -5.103531E-01  2.551035E-01 -2.552496E-01 -3.805548E-08   1.038748E+03 
1.5000E+01   1.563E+05 1.751E+07   -5.090954E-01  2.538458E-01 -2.552496E-01 -1.340875E-09   1.075074E+03 
1.5500E+01   1.619E+05 1.809E+07   -5.092233E-01  2.539737E-01 -2.552496E-01  1.176973E-09   1.110477E+03 
1.6000E+01   1.673E+05 1.867E+07   -5.118905E-01  2.566410E-01 -2.552496E-01 -1.812507E-08   1.146201E+03 
1.6500E+01   1.724E+05 1.926E+07   -5.127056E-01  2.574561E-01 -2.552496E-01 -6.854976E-09   1.182486E+03 
1.7000E+01   1.768E+05 1.985E+07   -5.094580E-01  2.542085E-01 -2.552496E-01 -4.223129E-08   1.218443E+03 
1.7500E+01   1.817E+05 2.043E+07   -5.052818E-01  2.500322E-01 -2.552496E-01 -2.447073E-08   1.254001E+03 
1.8000E+01   1.870E+05 2.101E+07   -5.039263E-01  2.486767E-01 -2.552495E-01 -4.013624E-08   1.289405E+03 
1.8500E+01   1.920E+05 2.158E+07   -5.041893E-01  2.489398E-01 -2.552495E-01  1.697758E-08   1.324392E+03 
1.9000E+01   1.966E+05 2.215E+07   -5.040566E-01  2.488071E-01 -2.552495E-01 -1.157235E-08   1.359308E+03 
1.9500E+01   2.022E+05 2.273E+07   -5.043524E-01  2.491028E-01 -2.552495E-01 -1.998630E-08   1.394957E+03 
2.0000E+01   2.076E+05 2.330E+07   -5.069234E-01  2.516739E-01 -2.552495E-01 -2.638435E-08   1.430021E+03 
2.0500E+01   2.131E+05 2.388E+07   -5.115627E-01  2.563132E-01 -2.552495E-01 -2.840018E-08   1.465954E+03 
2.1000E+01   2.185E+05 2.447E+07   -5.138002E-01  2.585507E-01 -2.552495E-01 -1.944475E-08   1.502254E+03 
2.1500E+01   2.243E+05 2.507E+07   -5.142265E-01  2.589770E-01 -2.552495E-01 -2.807687E-08   1.538664E+03 
2.2000E+01   2.301E+05 2.566E+07   -5.128877E-01  2.576382E-01 -2.552495E-01 -2.352355E-08   1.575266E+03 
2.2500E+01   2.354E+05 2.625E+07   -5.121412E-01  2.568917E-01 -2.552495E-01 -1.484457E-08   1.611515E+03 
2.3000E+01   2.406E+05 2.683E+07   -5.108226E-01  2.555731E-01 -2.552495E-01 -2.516457E-08   1.647097E+03 
2.3500E+01   2.461E+05 2.741E+07   -5.089038E-01  2.536543E-01 -2.552495E-01  6.797281E-09   1.682730E+03 
2.4000E+01   2.510E+05 2.799E+07   -5.097372E-01  2.544877E-01 -2.552495E-01 -1.504165E-08   1.718504E+03 
2.4500E+01   2.563E+05 2.858E+07   -5.144732E-01  2.592237E-01 -2.552495E-01 -4.779023E-08   1.754459E+03 
2.5000E+01   2.612E+05 2.918E+07   -5.173268E-01  2.620774E-01 -2.552495E-01 -1.883038E-08   1.790903E+03 
2.5500E+01   2.663E+05 2.977E+07   -5.158414E-01  2.605919E-01 -2.552495E-01 -1.701318E-08   1.827237E+03 
2.6000E+01   2.719E+05 3.037E+07   -5.160983E-01  2.608488E-01 -2.552495E-01 -1.768225E-09   1.863988E+03 
2.6500E+01   2.773E+05 3.096E+07   -5.148908E-01  2.596413E-01 -2.552495E-01 -2.601449E-08   1.900471E+03 
2.7000E+01   2.825E+05 3.155E+07   -5.126685E-01  2.574190E-01 -2.552495E-01 -1.021057E-08   1.936653E+03 
2.7500E+01   2.876E+05 3.214E+07   -5.107395E-01  2.554900E-01 -2.552495E-01  6.938793E-09   1.972926E+03 
2.8000E+01   2.929E+05 3.273E+07   -5.083014E-01  2.530519E-01 -2.552495E-01 -2.843018E-08   2.008762E+03 
2.8500E+01   2.984E+05 3.330E+07   -5.053351E-01  2.500856E-01 -2.552495E-01 -1.021139E-08   2.044315E+03 
2.9000E+01   3.039E+05 3.388E+07   -5.047121E-01  2.494627E-01 -2.552494E-01 -3.700895E-08   2.079603E+03 
2.9500E+01   3.095E+05 3.445E+07   -5.049695E-01  2.497201E-01 -2.552494E-01 -4.953960E-08   2.115019E+03 
3.0000E+01   3.153E+05 3.503E+07   -5.046793E-01  2.494298E-01 -2.552494E-01 -7.817105E-09   2.150685E+03 
3.0500E+01   3.202E+05 3.561E+07   -5.063725E-01  2.511231E-01 -2.552494E-01 -2.911863E-08   2.185777E+03 
3.1000E+01   3.255E+05 3.618E+07   -5.097554E-01  2.545060E-01 -2.552494E-01 -1.604024E-08   2.221092E+03 
3.1500E+01   3.312E+05 3.677E+07   -5.126783E-01  2.574289E-01 -2.552494E-01 -4.485324E-08   2.257341E+03 
3.2000E+01   3.364E+05 3.737E+07   -5.132763E-01  2.580269E-01 -2.552494E-01  8.815291E-10   2.293824E+03 
3.2500E+01   3.412E+05 3.795E+07   -5.112078E-01  2.559584E-01 -2.552494E-01 -4.544885E-08   2.329477E+03 
3.3000E+01   3.464E+05 3.853E+07   -5.117803E-01  2.565309E-01 -2.552494E-01 -2.837876E-08   2.365393E+03 
