Running with 2 CPUs
Rank of the processor 00 on n003 

Begin the calculation of phi-GPU4 program on 001 processors

N       = 005120 	 eps      = 1.000000E-04 
t_beg   = 0.000000E+00 	 t_end    = 5.000000E+01 
dt_disk = 2.500000E+00 	 dt_contr = 5.000000E-01 
eta     = 1.500000E-01 	 eta_BH   = 1.500000E-01 

Initialized, 10.533369 Gflops
0.0000E+00   0.000E+00 0.000E+00   -5.054052E-01  2.501556E-01 -2.552496E-01 -0.000000E+00   2.982520E-01 
5.0000E-01   4.813E+03 5.738E+05   -5.076908E-01  2.524410E-01 -2.552497E-01  5.068356E-07   3.304171E+01 
1.0000E+00   9.951E+03 1.158E+06   -5.098697E-01  2.546200E-01 -2.552497E-01 -1.288909E-08   6.669833E+01 
1.5000E+00   1.565E+04 1.743E+06   -5.130711E-01  2.578214E-01 -2.552497E-01 -2.122573E-08   1.004419E+02 
2.0000E+00   2.104E+04 2.338E+06   -5.156155E-01  2.603658E-01 -2.552497E-01 -2.571351E-08   1.347010E+02 
2.5000E+00   2.710E+04 2.931E+06   -5.165532E-01  2.613035E-01 -2.552497E-01 -2.962438E-08   1.689348E+02 
3.0000E+00   3.249E+04 3.531E+06   -5.170794E-01  2.618297E-01 -2.552497E-01 -9.669453E-09   2.035274E+02 
3.5000E+00   3.769E+04 4.125E+06   -5.158476E-01  2.605979E-01 -2.552497E-01  3.063152E-09   2.377768E+02 
4.0000E+00   4.352E+04 4.711E+06   -5.130208E-01  2.577712E-01 -2.552497E-01 -1.611680E-08   2.715716E+02 
4.5000E+00   4.855E+04 5.300E+06   -5.098167E-01  2.545670E-01 -2.552497E-01 -1.718254E-08   3.054981E+02 
5.0000E+00   5.362E+04 5.872E+06   -5.070284E-01  2.517787E-01 -2.552497E-01 -2.930282E-08   3.384659E+02 
5.5000E+00   5.875E+04 6.441E+06   -5.078139E-01  2.525642E-01 -2.552497E-01 -1.272639E-08   3.713119E+02 
6.0000E+00   6.378E+04 7.010E+06   -5.081266E-01  2.528770E-01 -2.552497E-01 -1.826635E-08   4.040800E+02 
6.5000E+00   6.896E+04 7.585E+06   -5.084636E-01  2.532139E-01 -2.552497E-01 -3.638310E-08   4.371968E+02 
7.0000E+00   7.415E+04 8.158E+06   -5.093232E-01  2.540736E-01 -2.552497E-01 -4.106265E-08   4.702630E+02 
7.5000E+00   7.873E+04 8.735E+06   -5.093359E-01  2.540862E-01 -2.552496E-01 -4.900052E-08   5.034472E+02 
8.0000E+00   8.400E+04 9.317E+06   -5.101170E-01  2.548673E-01 -2.552496E-01 -1.950571E-08   5.370304E+02 
8.5000E+00   8.877E+04 9.893E+06   -5.111907E-01  2.559410E-01 -2.552496E-01 -1.725086E-08   5.701682E+02 
9.0000E+00   9.421E+04 1.049E+07   -5.136695E-01  2.584199E-01 -2.552496E-01  7.145984E-09   6.044250E+02 
9.5000E+00   9.924E+04 1.107E+07   -5.147443E-01  2.594947E-01 -2.552496E-01 -3.836151E-08   6.381295E+02 
1.0000E+01   1.038E+05 1.166E+07   -5.140847E-01  2.588351E-01 -2.552496E-01 -2.941316E-08   6.718562E+02 
1.0500E+01   1.094E+05 1.226E+07   -5.133082E-01  2.580586E-01 -2.552496E-01 -2.208819E-08   7.066293E+02 
1.1000E+01   1.150E+05 1.284E+07   -5.114169E-01  2.561673E-01 -2.552496E-01 -9.709362E-09   7.401563E+02 
1.1500E+01   1.199E+05 1.341E+07   -5.114936E-01  2.562439E-01 -2.552496E-01 -1.309587E-08   7.730106E+02 
1.2000E+01   1.255E+05 1.400E+07   -5.130651E-01  2.578155E-01 -2.552496E-01 -2.233725E-08   8.067352E+02 
1.2500E+01   1.307E+05 1.458E+07   -5.127013E-01  2.574517E-01 -2.552496E-01  2.564168E-09   8.406415E+02 
1.3000E+01   1.358E+05 1.517E+07   -5.146221E-01  2.593725E-01 -2.552496E-01 -1.547387E-08   8.746434E+02 
1.3500E+01   1.410E+05 1.576E+07   -5.134551E-01  2.582055E-01 -2.552496E-01 -2.139017E-08   9.084342E+02 
1.4000E+01   1.457E+05 1.634E+07   -5.115288E-01  2.562792E-01 -2.552496E-01 -1.667193E-08   9.421125E+02 
1.4500E+01   1.500E+05 1.692E+07   -5.103531E-01  2.551035E-01 -2.552496E-01 -3.805548E-08   9.755175E+02 
1.5000E+01   1.563E+05 1.751E+07   -5.090954E-01  2.538458E-01 -2.552496E-01 -1.340875E-09   1.009531E+03 
1.5500E+01   1.619E+05 1.809E+07   -5.092233E-01  2.539737E-01 -2.552496E-01  1.176973E-09   1.042760E+03 
1.6000E+01   1.673E+05 1.867E+07   -5.118905E-01  2.566410E-01 -2.552496E-01 -1.812507E-08   1.076276E+03 
1.6500E+01   1.724E+05 1.926E+07   -5.127056E-01  2.574561E-01 -2.552496E-01 -6.854976E-09   1.110362E+03 
1.7000E+01   1.768E+05 1.985E+07   -5.094580E-01  2.542085E-01 -2.552496E-01 -4.223129E-08   1.144164E+03 
1.7500E+01   1.817E+05 2.043E+07   -5.052818E-01  2.500322E-01 -2.552496E-01 -2.447073E-08   1.177587E+03 
1.8000E+01   1.870E+05 2.101E+07   -5.039263E-01  2.486767E-01 -2.552495E-01 -4.013624E-08   1.210801E+03 
