Running with 1 CPUs
Rank of the processor 00 on n003 

Begin the calculation of phi-GPU4 program on 001 processors

N       = 005120 	 eps      = 1.000000E-04 
t_beg   = 0.000000E+00 	 t_end    = 5.000000E+01 
dt_disk = 2.500000E+00 	 dt_contr = 5.000000E-01 
eta     = 1.500000E-01 	 eta_BH   = 1.500000E-01 

Initialized, 9.555916 Gflops
0.0000E+00   0.000E+00 0.000E+00   -5.054052E-01  2.501556E-01 -2.552496E-01 -0.000000E+00   1.648030E-01 
5.0000E-01   4.813E+03 5.738E+05   -5.076908E-01  2.524410E-01 -2.552497E-01  5.068356E-07   1.846147E+01 
1.0000E+00   9.951E+03 1.158E+06   -5.098697E-01  2.546200E-01 -2.552497E-01 -1.288909E-08   3.727064E+01 
1.5000E+00   1.565E+04 1.743E+06   -5.130711E-01  2.578214E-01 -2.552497E-01 -2.122573E-08   5.611930E+01 
2.0000E+00   2.104E+04 2.338E+06   -5.156155E-01  2.603658E-01 -2.552497E-01 -2.571351E-08   7.526193E+01 
2.5000E+00   2.710E+04 2.931E+06   -5.165532E-01  2.613035E-01 -2.552497E-01 -2.962438E-08   9.440777E+01 
3.0000E+00   3.249E+04 3.531E+06   -5.170794E-01  2.618297E-01 -2.552497E-01 -9.669453E-09   1.137247E+02 
3.5000E+00   3.769E+04 4.125E+06   -5.158476E-01  2.605979E-01 -2.552497E-01  3.063152E-09   1.328401E+02 
4.0000E+00   4.352E+04 4.711E+06   -5.130208E-01  2.577712E-01 -2.552497E-01 -1.611680E-08   1.517386E+02 
4.5000E+00   4.855E+04 5.300E+06   -5.098167E-01  2.545670E-01 -2.552497E-01 -1.718254E-08   1.706871E+02 
5.0000E+00   5.362E+04 5.872E+06   -5.070284E-01  2.517787E-01 -2.552497E-01 -2.930282E-08   1.891552E+02 
5.5000E+00   5.875E+04 6.441E+06   -5.078139E-01  2.525642E-01 -2.552497E-01 -1.272639E-08   2.075064E+02 
6.0000E+00   6.378E+04 7.010E+06   -5.081266E-01  2.528770E-01 -2.552497E-01 -1.826635E-08   2.258074E+02 
6.5000E+00   6.896E+04 7.585E+06   -5.084636E-01  2.532139E-01 -2.552497E-01 -3.638310E-08   2.443216E+02 
7.0000E+00   7.415E+04 8.158E+06   -5.093232E-01  2.540736E-01 -2.552497E-01 -4.106265E-08   2.627876E+02 
7.5000E+00   7.873E+04 8.735E+06   -5.093359E-01  2.540862E-01 -2.552496E-01 -4.900052E-08   2.813392E+02 
8.0000E+00   8.400E+04 9.317E+06   -5.101170E-01  2.548673E-01 -2.552496E-01 -1.950571E-08   3.000996E+02 
8.5000E+00   8.877E+04 9.893E+06   -5.111907E-01  2.559410E-01 -2.552496E-01 -1.725086E-08   3.186295E+02 
9.0000E+00   9.421E+04 1.049E+07   -5.136695E-01  2.584199E-01 -2.552496E-01  7.145984E-09   3.377544E+02 
9.5000E+00   9.924E+04 1.107E+07   -5.147443E-01  2.594947E-01 -2.552496E-01 -3.836151E-08   3.565640E+02 
1.0000E+01   1.038E+05 1.166E+07   -5.140847E-01  2.588351E-01 -2.552496E-01 -2.941316E-08   3.754079E+02 
1.0500E+01   1.094E+05 1.226E+07   -5.133082E-01  2.580586E-01 -2.552496E-01 -2.208819E-08   3.948487E+02 
1.1000E+01   1.150E+05 1.284E+07   -5.114169E-01  2.561673E-01 -2.552496E-01 -9.709362E-09   4.135730E+02 
1.1500E+01   1.199E+05 1.341E+07   -5.114936E-01  2.562439E-01 -2.552496E-01 -1.309587E-08   4.319303E+02 
1.2000E+01   1.255E+05 1.400E+07   -5.130651E-01  2.578155E-01 -2.552496E-01 -2.233725E-08   4.507757E+02 
1.2500E+01   1.307E+05 1.458E+07   -5.127013E-01  2.574517E-01 -2.552496E-01  2.564168E-09   4.697181E+02 
1.3000E+01   1.358E+05 1.517E+07   -5.146221E-01  2.593725E-01 -2.552496E-01 -1.547387E-08   4.887231E+02 
1.3500E+01   1.410E+05 1.576E+07   -5.134551E-01  2.582055E-01 -2.552496E-01 -2.139017E-08   5.075481E+02 
1.4000E+01   1.457E+05 1.634E+07   -5.115288E-01  2.562792E-01 -2.552496E-01 -1.667193E-08   5.263665E+02 
1.4500E+01   1.500E+05 1.692E+07   -5.103531E-01  2.551035E-01 -2.552496E-01 -3.805548E-08   5.450246E+02 
1.5000E+01   1.563E+05 1.751E+07   -5.090954E-01  2.538458E-01 -2.552496E-01 -1.340875E-09   5.640243E+02 
1.5500E+01   1.619E+05 1.809E+07   -5.092233E-01  2.539737E-01 -2.552496E-01  1.176973E-09   5.825839E+02 
